<?xml version="1.0" encoding="UTF-8"?>
<testsuite name="com.kry.janostest.pollingService.TestMainVerticle" tests="1" skipped="0" failures="0" errors="0" timestamp="2021-03-22T04:18:11" hostname="Janoss-MBP" time="0.482">
  <properties/>
  <testcase name="Test of /service endpoint on port 8888" classname="com.kry.janostest.pollingService.TestMainVerticle" time="0.482"/>
  <system-out><![CDATA[Kry, Livi code test service result's starting succeeded.
Test verticle_deployed is starting.
HashMap Elements: {}
Got a connection from the pool
Count of records in services table: 3 rows 
User 27 http://localhost:8888/
User 33 http://localhost:8888/
User 34 http://localhost:8888/
Test verticle_deployed is running.
]]></system-out>
  <system-err><![CDATA[]]></system-err>
</testsuite>
